# JRE version: Java(TM) SE Runtime Environment (8.0_221-b11) (build 1.8.0_221-b11)
# Java VM: Java HotSpot(TM) 64-Bit Server VM (25.221-b11 mixed mode windows-amd64 compressed oops)
Heap:
 PSYoungGen      total 142336K, used 66213K [0x00000000d5b80000, 0x00000000e2c80000, 0x0000000100000000)
  eden space 131584K, 50% used [0x00000000d5b80000,0x00000000d9c29688,0x00000000ddc00000)
  from space 10752K, 0% used [0x00000000e2200000,0x00000000e2200000,0x00000000e2c80000)
  to   space 8192K, 0% used [0x00000000ddc00000,0x00000000ddc00000,0x00000000de400000)
 ParOldGen       total 49664K, used 12982K [0x0000000081200000, 0x0000000084280000, 0x00000000d5b80000)
  object space 49664K, 26% used [0x0000000081200000,0x0000000081ead850,0x0000000084280000)
 Metaspace       used 35326K, capacity 37616K, committed 37760K, reserved 1081344K
  class space    used 5093K, capacity 5502K, committed 5504K, reserved 1048576K
GC Heap History (10 events):
Event: 4.133 GC heap before
{Heap before GC invocations=6 (full 1):
 PSYoungGen      total 71680K, used 5099K [0x00000000d5b80000, 0x00000000ded80000, 0x0000000100000000)
  eden space 66560K, 0% used [0x00000000d5b80000,0x00000000d5b80000,0x00000000d9c80000)
  from space 5120K, 99% used [0x00000000d9c80000,0x00000000da17ac60,0x00000000da180000)
  to   space 8192K, 0% used [0x00000000de580000,0x00000000de580000,0x00000000ded80000)
 ParOldGen       total 87552K, used 3628K [0x0000000081200000, 0x0000000086780000, 0x00000000d5b80000)
  object space 87552K, 4% used [0x0000000081200000,0x000000008158b118,0x0000000086780000)
 Metaspace       used 19985K, capacity 21202K, committed 21296K, reserved 1067008K
  class space    used 2584K, capacity 2865K, committed 2944K, reserved 1048576K
Event: 4.181 GC heap after
Heap after GC invocations=6 (full 1):
 PSYoungGen      total 71680K, used 0K [0x00000000d5b80000, 0x00000000ded80000, 0x0000000100000000)
  eden space 66560K, 0% used [0x00000000d5b80000,0x00000000d5b80000,0x00000000d9c80000)
  from space 5120K, 0% used [0x00000000d9c80000,0x00000000d9c80000,0x00000000da180000)
  to   space 8192K, 0% used [0x00000000de580000,0x00000000de580000,0x00000000ded80000)
 ParOldGen       total 49664K, used 5238K [0x0000000081200000, 0x0000000084280000, 0x00000000d5b80000)
  object space 49664K, 10% used [0x0000000081200000,0x000000008171d850,0x0000000084280000)
 Metaspace       used 19985K, capacity 21202K, committed 21296K, reserved 1067008K
  class space    used 2584K, capacity 2865K, committed 2944K, reserved 1048576K
}
Event: 5.014 GC heap before
{Heap before GC invocations=7 (full 1):
 PSYoungGen      total 71680K, used 66560K [0x00000000d5b80000, 0x00000000ded80000, 0x0000000100000000)
  eden space 66560K, 100% used [0x00000000d5b80000,0x00000000d9c80000,0x00000000d9c80000)
  from space 5120K, 0% used [0x00000000d9c80000,0x00000000d9c80000,0x00000000da180000)
  to   space 8192K, 0% used [0x00000000de580000,0x00000000de580000,0x00000000ded80000)
 ParOldGen       total 49664K, used 5238K [0x0000000081200000, 0x0000000084280000, 0x00000000d5b80000)
  object space 49664K, 10% used [0x0000000081200000,0x000000008171d850,0x0000000084280000)
 Metaspace       used 24639K, capacity 26092K, committed 26240K, reserved 1071104K
  class space    used 3321K, capacity 3620K, committed 3712K, reserved 1048576K
Event: 5.025 GC heap after
Heap after GC invocations=7 (full 1):
 PSYoungGen      total 121344K, used 6270K [0x00000000d5b80000, 0x00000000dec00000, 0x0000000100000000)
  eden space 114688K, 0% used [0x00000000d5b80000,0x00000000d5b80000,0x00000000dcb80000)
  from space 6656K, 94% used [0x00000000de580000,0x00000000deb9fbb0,0x00000000dec00000)
  to   space 8192K, 0% used [0x00000000ddc00000,0x00000000ddc00000,0x00000000de400000)
 ParOldGen       total 49664K, used 5246K [0x0000000081200000, 0x0000000084280000, 0x00000000d5b80000)
  object space 49664K, 10% used [0x0000000081200000,0x000000008171f850,0x0000000084280000)
 Metaspace       used 24639K, capacity 26092K, committed 26240K, reserved 1071104K
  class space    used 3321K, capacity 3620K, committed 3712K, reserved 1048576K
}
Event: 7.191 GC heap before
{Heap before GC invocations=8 (full 1):
 PSYoungGen      total 121344K, used 120958K [0x00000000d5b80000, 0x00000000dec00000, 0x0000000100000000)
  eden space 114688K, 100% used [0x00000000d5b80000,0x00000000dcb80000,0x00000000dcb80000)
  from space 6656K, 94% used [0x00000000de580000,0x00000000deb9fbb0,0x00000000dec00000)
  to   space 8192K, 0% used [0x00000000ddc00000,0x00000000ddc00000,0x00000000de400000)
 ParOldGen       total 49664K, used 5246K [0x0000000081200000, 0x0000000084280000, 0x00000000d5b80000)
  object space 49664K, 10% used [0x0000000081200000,0x000000008171f850,0x0000000084280000)
 Metaspace       used 31850K, capacity 33644K, committed 33920K, reserved 1079296K
  class space    used 4553K, capacity 4890K, committed 4992K, reserved 1048576K
Event: 7.210 GC heap after
Heap after GC invocations=8 (full 1):
 PSYoungGen      total 139776K, used 8175K [0x00000000d5b80000, 0x00000000e2c80000, 0x0000000100000000)
  eden space 131584K, 0% used [0x00000000d5b80000,0x00000000d5b80000,0x00000000ddc00000)
  from space 8192K, 99% used [0x00000000ddc00000,0x00000000de3fbf50,0x00000000de400000)
  to   space 10752K, 0% used [0x00000000e2200000,0x00000000e2200000,0x00000000e2c80000)
 ParOldGen       total 49664K, used 8903K [0x0000000081200000, 0x0000000084280000, 0x00000000d5b80000)
  object space 49664K, 17% used [0x0000000081200000,0x0000000081ab1de8,0x0000000084280000)
 Metaspace       used 31850K, capacity 33644K, committed 33920K, reserved 1079296K
  class space    used 4553K, capacity 4890K, committed 4992K, reserved 1048576K
}
Event: 7.732 GC heap before
{Heap before GC invocations=9 (full 1):
 PSYoungGen      total 139776K, used 56146K [0x00000000d5b80000, 0x00000000e2c80000, 0x0000000100000000)
  eden space 131584K, 36% used [0x00000000d5b80000,0x00000000d8a58968,0x00000000ddc00000)
  from space 8192K, 99% used [0x00000000ddc00000,0x00000000de3fbf50,0x00000000de400000)
  to   space 10752K, 0% used [0x00000000e2200000,0x00000000e2200000,0x00000000e2c80000)
 ParOldGen       total 49664K, used 8903K [0x0000000081200000, 0x0000000084280000, 0x00000000d5b80000)
  object space 49664K, 17% used [0x0000000081200000,0x0000000081ab1de8,0x0000000084280000)
 Metaspace       used 33454K, capacity 35316K, committed 35456K, reserved 1079296K
  class space    used 4787K, capacity 5160K, committed 5248K, reserved 1048576K
Event: 7.750 GC heap after
Heap after GC invocations=9 (full 1):
 PSYoungGen      total 142336K, used 8314K [0x00000000d5b80000, 0x00000000e2c80000, 0x0000000100000000)
  eden space 131584K, 0% used [0x00000000d5b80000,0x00000000d5b80000,0x00000000ddc00000)
  from space 10752K, 77% used [0x00000000e2200000,0x00000000e2a1e850,0x00000000e2c80000)
  to   space 8192K, 0% used [0x00000000ddc00000,0x00000000ddc00000,0x00000000de400000)
 ParOldGen       total 49664K, used 8903K [0x0000000081200000, 0x0000000084280000, 0x00000000d5b80000)
  object space 49664K, 17% used [0x0000000081200000,0x0000000081ab1de8,0x0000000084280000)
 Metaspace       used 33454K, capacity 35316K, committed 35456K, reserved 1079296K
  class space    used 4787K, capacity 5160K, committed 5248K, reserved 1048576K
}
Event: 7.750 GC heap before
{Heap before GC invocations=10 (full 2):
 PSYoungGen      total 142336K, used 8314K [0x00000000d5b80000, 0x00000000e2c80000, 0x0000000100000000)
  eden space 131584K, 0% used [0x00000000d5b80000,0x00000000d5b80000,0x00000000ddc00000)
  from space 10752K, 77% used [0x00000000e2200000,0x00000000e2a1e850,0x00000000e2c80000)
  to   space 8192K, 0% used [0x00000000ddc00000,0x00000000ddc00000,0x00000000de400000)
 ParOldGen       total 49664K, used 8903K [0x0000000081200000, 0x0000000084280000, 0x00000000d5b80000)
  object space 49664K, 17% used [0x0000000081200000,0x0000000081ab1de8,0x0000000084280000)
 Metaspace       used 33454K, capacity 35316K, committed 35456K, reserved 1079296K
  class space    used 4787K, capacity 5160K, committed 5248K, reserved 1048576K
Event: 7.816 GC heap after
Heap after GC invocations=10 (full 2):
 PSYoungGen      total 142336K, used 0K [0x00000000d5b80000, 0x00000000e2c80000, 0x0000000100000000)
  eden space 131584K, 0% used [0x00000000d5b80000,0x00000000d5b80000,0x00000000ddc00000)
  from space 10752K, 0% used [0x00000000e2200000,0x00000000e2200000,0x00000000e2c80000)
  to   space 8192K, 0% used [0x00000000ddc00000,0x00000000ddc00000,0x00000000de400000)
 ParOldGen       total 49664K, used 12982K [0x0000000081200000, 0x0000000084280000, 0x00000000d5b80000)
  object space 49664K, 26% used [0x0000000081200000,0x0000000081ead850,0x0000000084280000)
 Metaspace       used 33454K, capacity 35316K, committed 35456K, reserved 1079296K
  class space    used 4787K, capacity 5160K, committed 5248K, reserved 1048576K
}

